<?xml version="1.0" encoding="UTF-8"?>
<testsuite xmlns:xsi="http://www.w3.org/2001/XMLSchema-instance" xsi:noNamespaceSchemaLocation="https://maven.apache.org/surefire/maven-surefire-plugin/xsd/surefire-test-report.xsd" name="com.laratecsys.testecinqspringrest.TesteCinqSpringRestApplicationTests" time="16.565" tests="2" errors="1" skipped="0" failures="0">
  <properties>
[...]
</properties>
  <testcase name="findByName" classname="com.laratecsys.testecinqspringrest.TesteCinqSpringRestApplicationTests" time="0.221">
    <error type="java.lang.NullPointerException">java.lang.NullPointerException
	at com.laratecsys.testecinqspringrest.TesteCinqSpringRestApplicationTests.findByName(TesteCinqSpringRestApplicationTests.java:30)
</error>
    <system-out><![CDATA[03:11:36.191 [main] DEBUG org.springframework.test.context.BootstrapUtils - Instantiating CacheAwareContextLoaderDelegate from class [org.springframework.test.context.cache.DefaultCacheAwareContextLoaderDelegate]
03:11:36.252 [main] DEBUG org.springframework.test.context.BootstrapUtils - Instantiating BootstrapContext using constructor [public org.springframework.test.context.support.DefaultBootstrapContext(java.lang.Class,org.springframework.test.context.CacheAwareContextLoaderDelegate)]
03:11:36.390 [main] DEBUG org.springframework.test.context.BootstrapUtils - Instantiating TestContextBootstrapper for test class [com.laratecsys.testecinqspringrest.TesteCinqSpringRestApplicationTests] from class [org.springframework.boot.test.context.SpringBootTestContextBootstrapper]
03:11:36.474 [main] INFO org.springframework.boot.test.context.SpringBootTestContextBootstrapper - Neither @ContextConfiguration nor @ContextHierarchy found for test class [com.laratecsys.testecinqspringrest.TesteCinqSpringRestApplicationTests], using SpringBootContextLoader
03:11:36.498 [main] DEBUG org.springframework.test.context.support.AbstractContextLoader - Did not detect default resource location for test class [com.laratecsys.testecinqspringrest.TesteCinqSpringRestApplicationTests]: class path resource [com/laratecsys/testecinqspringrest/TesteCinqSpringRestApplicationTests-context.xml] does not exist
03:11:36.500 [main] DEBUG org.springframework.test.context.support.AbstractContextLoader - Did not detect default resource location for test class [com.laratecsys.testecinqspringrest.TesteCinqSpringRestApplicationTests]: class path resource [com/laratecsys/testecinqspringrest/TesteCinqSpringRestApplicationTestsContext.groovy] does not exist
03:11:36.501 [main] INFO org.springframework.test.context.support.AbstractContextLoader - Could not detect default resource locations for test class [com.laratecsys.testecinqspringrest.TesteCinqSpringRestApplicationTests]: no resource found for suffixes {-context.xml, Context.groovy}.
03:11:36.506 [main] INFO org.springframework.test.context.support.AnnotationConfigContextLoaderUtils - Could not detect default configuration classes for test class [com.laratecsys.testecinqspringrest.TesteCinqSpringRestApplicationTests]: TesteCinqSpringRestApplicationTests does not declare any static, non-private, non-final, nested classes annotated with @Configuration.
03:11:36.684 [main] DEBUG org.springframework.test.context.support.ActiveProfilesUtils - Could not find an 'annotation declaring class' for annotation type [org.springframework.test.context.ActiveProfiles] and class [com.laratecsys.testecinqspringrest.TesteCinqSpringRestApplicationTests]
03:11:36.947 [main] DEBUG org.springframework.context.annotation.ClassPathScanningCandidateComponentProvider - Identified candidate component class: file [C:\Users\tiago.ribeiro.safetycontrol.000\eclipse-workspace\teste-cinq-spring-rest\target\classes\com\laratecsys\testecinqspringrest\TesteCinqSpringRestApplication.class]
03:11:36.951 [main] INFO org.springframework.boot.test.context.SpringBootTestContextBootstrapper - Found @SpringBootConfiguration com.laratecsys.testecinqspringrest.TesteCinqSpringRestApplication for test class com.laratecsys.testecinqspringrest.TesteCinqSpringRestApplicationTests
03:11:37.307 [main] DEBUG org.springframework.boot.test.context.SpringBootTestContextBootstrapper - @TestExecutionListeners is not present for class [com.laratecsys.testecinqspringrest.TesteCinqSpringRestApplicationTests]: using defaults.
03:11:37.309 [main] INFO org.springframework.boot.test.context.SpringBootTestContextBootstrapper - Loaded default TestExecutionListener class names from location [META-INF/spring.factories]: [org.springframework.boot.test.mock.mockito.MockitoTestExecutionListener, org.springframework.boot.test.mock.mockito.ResetMocksTestExecutionListener, org.springframework.boot.test.autoconfigure.restdocs.RestDocsTestExecutionListener, org.springframework.boot.test.autoconfigure.web.client.MockRestServiceServerResetTestExecutionListener, org.springframework.boot.test.autoconfigure.web.servlet.MockMvcPrintOnlyOnFailureTestExecutionListener, org.springframework.boot.test.autoconfigure.web.servlet.WebDriverTestExecutionListener, org.springframework.test.context.web.ServletTestExecutionListener, org.springframework.test.context.support.DirtiesContextBeforeModesTestExecutionListener, org.springframework.test.context.support.DependencyInjectionTestExecutionListener, org.springframework.test.context.support.DirtiesContextTestExecutionListener, org.springframework.test.context.transaction.TransactionalTestExecutionListener, org.springframework.test.context.jdbc.SqlScriptsTestExecutionListener, org.springframework.test.context.event.EventPublishingTestExecutionListener]
03:11:37.384 [main] INFO org.springframework.boot.test.context.SpringBootTestContextBootstrapper - Using TestExecutionListeners: [org.springframework.test.context.web.ServletTestExecutionListener@74764622, org.springframework.test.context.support.DirtiesContextBeforeModesTestExecutionListener@7ba06506, org.springframework.boot.test.mock.mockito.MockitoTestExecutionListener@63dc3420, org.springframework.boot.test.autoconfigure.SpringBootDependencyInjectionTestExecutionListener@525b8922, org.springframework.test.context.support.DirtiesContextTestExecutionListener@145a821d, org.springframework.test.context.transaction.TransactionalTestExecutionListener@6caa4dc5, org.springframework.test.context.jdbc.SqlScriptsTestExecutionListener@6ed51944, org.springframework.test.context.event.EventPublishingTestExecutionListener@60c98f25, org.springframework.boot.test.mock.mockito.ResetMocksTestExecutionListener@20c3b34b, org.springframework.boot.test.autoconfigure.restdocs.RestDocsTestExecutionListener@1eb906f3, org.springframework.boot.test.autoconfigure.web.client.MockRestServiceServerResetTestExecutionListener@58e02359, org.springframework.boot.test.autoconfigure.web.servlet.MockMvcPrintOnlyOnFailureTestExecutionListener@74fc3fc7, org.springframework.boot.test.autoconfigure.web.servlet.WebDriverTestExecutionListener@491893f8]
03:11:37.394 [main] DEBUG org.springframework.test.context.support.AbstractDirtiesContextTestExecutionListener - Before test class: context [DefaultTestContext@740c4868 testClass = TesteCinqSpringRestApplicationTests, testInstance = [null], testMethod = [null], testException = [null], mergedContextConfiguration = [WebMergedContextConfiguration@5f3f3d00 testClass = TesteCinqSpringRestApplicationTests, locations = '{}', classes = '{class com.laratecsys.testecinqspringrest.TesteCinqSpringRestApplication}', contextInitializerClasses = '[]', activeProfiles = '{}', propertySourceLocations = '{}', propertySourceProperties = '{org.springframework.boot.test.context.SpringBootTestContextBootstrapper=true}', contextCustomizers = set[org.springframework.boot.test.context.filter.ExcludeFilterContextCustomizer@4ba6ec50, org.springframework.boot.test.json.DuplicateJsonObjectContextCustomizerFactory$DuplicateJsonObjectContextCustomizer@42fb8c87, org.springframework.boot.test.mock.mockito.MockitoContextCustomizer@0, org.springframework.boot.test.web.client.TestRestTemplateContextCustomizer@7593ea79, org.springframework.boot.test.autoconfigure.properties.PropertyMappingContextCustomizer@0, org.springframework.boot.test.autoconfigure.web.servlet.WebDriverContextCustomizerFactory$Customizer@28ee7bee, org.springframework.boot.test.context.SpringBootTestArgs@1], resourceBasePath = 'src/main/webapp', contextLoader = 'org.springframework.boot.test.context.SpringBootContextLoader', parent = [null]], attributes = map['org.springframework.test.context.web.ServletTestExecutionListener.activateListener' -> true]], class annotated with @DirtiesContext [false] with mode [null].
03:11:37.502 [main] DEBUG org.springframework.test.context.support.TestPropertySourceUtils - Adding inlined properties to environment: {spring.jmx.enabled=false, org.springframework.boot.test.context.SpringBootTestContextBootstrapper=true, server.port=-1}

  .   ____          _            __ _ _
 /\\ / ___'_ __ _ _(_)_ __  __ _ \ \ \ \
( ( )\___ | '_ | '_| | '_ \/ _` | \ \ \ \
 \\/  ___)| |_)| | | | | || (_| |  ) ) ) )
  '  |____| .__|_| |_|_| |_\__, | / / / /
 =========|_|==============|___/=/_/_/_/
 :: Spring Boot ::        (v2.2.7.RELEASE)

2020-05-10 03:11:38.579  INFO 15388 --- [           main] .l.t.TesteCinqSpringRestApplicationTests : Starting TesteCinqSpringRestApplicationTests on ENGENHARIA08 with PID 15388 (started by tiago.ribeiro in C:\Users\tiago.ribeiro.safetycontrol.000\eclipse-workspace\teste-cinq-spring-rest)
2020-05-10 03:11:38.585  INFO 15388 --- [           main] .l.t.TesteCinqSpringRestApplicationTests : No active profile set, falling back to default profiles: default
2020-05-10 03:11:40.588  INFO 15388 --- [           main] .s.d.r.c.RepositoryConfigurationDelegate : Bootstrapping Spring Data JPA repositories in DEFAULT mode.
2020-05-10 03:11:40.866  INFO 15388 --- [           main] .s.d.r.c.RepositoryConfigurationDelegate : Finished Spring Data repository scanning in 241ms. Found 2 JPA repository interfaces.
2020-05-10 03:11:42.028  INFO 15388 --- [           main] trationDelegate$BeanPostProcessorChecker : Bean 'org.springframework.ws.config.annotation.DelegatingWsConfiguration' of type [org.springframework.ws.config.annotation.DelegatingWsConfiguration$$EnhancerBySpringCGLIB$$21b50f68] is not eligible for getting processed by all BeanPostProcessors (for example: not eligible for auto-proxying)
2020-05-10 03:11:42.188  INFO 15388 --- [           main] .w.s.a.s.AnnotationActionEndpointMapping : Supporting [WS-Addressing August 2004, WS-Addressing 1.0]
2020-05-10 03:11:42.560  INFO 15388 --- [           main] com.zaxxer.hikari.HikariDataSource       : HikariPool-1 - Starting...
2020-05-10 03:11:43.344  INFO 15388 --- [           main] com.zaxxer.hikari.HikariDataSource       : HikariPool-1 - Start completed.
2020-05-10 03:11:43.840  INFO 15388 --- [           main] o.hibernate.jpa.internal.util.LogHelper  : HHH000204: Processing PersistenceUnitInfo [name: default]
2020-05-10 03:11:44.027  INFO 15388 --- [           main] org.hibernate.Version                    : HHH000412: Hibernate ORM core version 5.4.15.Final
2020-05-10 03:11:44.466  INFO 15388 --- [           main] o.hibernate.annotations.common.Version   : HCANN000001: Hibernate Commons Annotations {5.1.0.Final}
2020-05-10 03:11:45.576  INFO 15388 --- [           main] org.hibernate.dialect.Dialect            : HHH000400: Using dialect: org.hibernate.dialect.H2Dialect
2020-05-10 03:11:48.146  INFO 15388 --- [           main] o.h.e.t.j.p.i.JtaPlatformInitiator       : HHH000490: Using JtaPlatform implementation: [org.hibernate.engine.transaction.jta.platform.internal.NoJtaPlatform]
2020-05-10 03:11:48.175  INFO 15388 --- [           main] j.LocalContainerEntityManagerFactoryBean : Initialized JPA EntityManagerFactory for persistence unit 'default'
2020-05-10 03:11:50.079  WARN 15388 --- [           main] JpaBaseConfiguration$JpaWebConfiguration : spring.jpa.open-in-view is enabled by default. Therefore, database queries may be performed during view rendering. Explicitly configure spring.jpa.open-in-view to disable this warning
2020-05-10 03:11:50.524  INFO 15388 --- [           main] o.s.s.concurrent.ThreadPoolTaskExecutor  : Initializing ExecutorService 'applicationTaskExecutor'
2020-05-10 03:11:51.294  INFO 15388 --- [           main] o.s.b.a.h2.H2ConsoleAutoConfiguration    : H2 console available at '/h2-console'. Database available at 'jdbc:h2:mem:dbteste'
2020-05-10 03:11:51.648  INFO 15388 --- [           main] .l.t.TesteCinqSpringRestApplicationTests : Started TesteCinqSpringRestApplicationTests in 14.108 seconds (JVM running for 17.77)
Hibernate: 
    select
        country0_.id as id1_1_,
        country0_.name as name2_1_ 
    from
        country country0_
[com.laratecsys.testecinqspringrest.Entity.Country@20, com.laratecsys.testecinqspringrest.Entity.Country@21, com.laratecsys.testecinqspringrest.Entity.Country@22]
]]></system-out>
  </testcase>
  <testcase name="contextLoads" classname="com.laratecsys.testecinqspringrest.TesteCinqSpringRestApplicationTests" time="0.005"/>
</testsuite>